<?xml version="1.0" encoding="UTF-8"?>
<testng-results skipped="0" failed="0" ignored="0" total="2" passed="2">
  <reporter-output>
  </reporter-output>
  <suite name="Suite" duration-ms="9353" started-at="2019-03-20T12:10:48Z" finished-at="2019-03-20T12:10:57Z">
    <groups>
    </groups>
    <test name="Test" duration-ms="9353" started-at="2019-03-20T12:10:48Z" finished-at="2019-03-20T12:10:57Z">
      <class name="com.cargurus.com.image.AppTest">
        <test-method status="PASS" signature="testApp()[pri:0, instance:com.cargurus.com.image.AppTest@11758f2a]" name="testApp" duration-ms="2" started-at="2019-03-20T12:10:57Z" finished-at="2019-03-20T12:10:57Z">
          <reporter-output>
          </reporter-output>
        </test-method> <!-- testApp -->
      </class> <!-- com.cargurus.com.image.AppTest -->
      <class name="com.cargurus.com.image.ImageCrossing">
        <test-method status="PASS" signature="setup()[pri:0, instance:com.cargurus.com.image.ImageCrossing@612679d6]" name="setup" is-config="true" duration-ms="7294" started-at="2019-03-20T12:10:48Z" finished-at="2019-03-20T12:10:55Z">
          <reporter-output>
          </reporter-output>
        </test-method> <!-- setup -->
        <test-method status="PASS" signature="testImg()[pri:0, instance:com.cargurus.com.image.ImageCrossing@612679d6]" name="testImg" duration-ms="2036" started-at="2019-03-20T12:10:55Z" finished-at="2019-03-20T12:10:57Z">
          <reporter-output>
          </reporter-output>
        </test-method> <!-- testImg -->
        <test-method status="PASS" signature="tearDown()[pri:0, instance:com.cargurus.com.image.ImageCrossing@612679d6]" name="tearDown" is-config="true" duration-ms="0" started-at="2019-03-20T12:10:57Z" finished-at="2019-03-20T12:10:57Z">
          <reporter-output>
          </reporter-output>
        </test-method> <!-- tearDown -->
      </class> <!-- com.cargurus.com.image.ImageCrossing -->
    </test> <!-- Test -->
  </suite> <!-- Suite -->
</testng-results>
