<?xml version="1.0" encoding="UTF-8"?>
<testng-results skipped="0" failed="0" ignored="0" total="1" passed="1">
  <reporter-output>
  </reporter-output>
  <suite name="Default suite" duration-ms="9529" started-at="2019-03-20T17:01:18Z" finished-at="2019-03-20T17:01:28Z">
    <groups>
    </groups>
    <test name="Default test" duration-ms="9529" started-at="2019-03-20T17:01:18Z" finished-at="2019-03-20T17:01:28Z">
      <class name="com.cargurus.com.image.ImageCrossing">
        <test-method status="PASS" signature="setup()[pri:0, instance:com.cargurus.com.image.ImageCrossing@6a1aab78]" name="setup" is-config="true" duration-ms="7437" started-at="2019-03-20T17:01:18Z" finished-at="2019-03-20T17:01:25Z">
          <reporter-output>
          </reporter-output>
        </test-method> <!-- setup -->
        <test-method status="PASS" signature="testImg()[pri:0, instance:com.cargurus.com.image.ImageCrossing@6a1aab78]" name="testImg" duration-ms="2073" started-at="2019-03-20T17:01:25Z" finished-at="2019-03-20T17:01:28Z">
          <reporter-output>
          </reporter-output>
        </test-method> <!-- testImg -->
        <test-method status="PASS" signature="tearDown()[pri:0, instance:com.cargurus.com.image.ImageCrossing@6a1aab78]" name="tearDown" is-config="true" duration-ms="0" started-at="2019-03-20T17:01:28Z" finished-at="2019-03-20T17:01:28Z">
          <reporter-output>
          </reporter-output>
        </test-method> <!-- tearDown -->
      </class> <!-- com.cargurus.com.image.ImageCrossing -->
    </test> <!-- Default test -->
  </suite> <!-- Default suite -->
</testng-results>
